INFO [2024-08-27 10:39:57] $x
INFO [2024-08-27 10:39:57] venn_list
INFO [2024-08-27 10:39:57] 
INFO [2024-08-27 10:39:57] $filename
INFO [2024-08-27 10:39:57] NULL
INFO [2024-08-27 10:39:57] 
INFO [2024-08-27 10:39:57] $fill
INFO [2024-08-27 10:39:57] c("red", "green")
INFO [2024-08-27 10:39:57] 
INFO [2024-08-27 10:39:57] $alpha
INFO [2024-08-27 10:39:57] [1] 0.5
INFO [2024-08-27 10:39:57] 
INFO [2024-08-27 10:39:57] $cex
INFO [2024-08-27 10:39:57] [1] 2
INFO [2024-08-27 10:39:57] 
INFO [2024-08-27 10:39:57] $cat.cex
INFO [2024-08-27 10:39:57] [1] 2
INFO [2024-08-27 10:39:57] 
INFO [2024-08-27 10:39:57] $cat.pos
INFO [2024-08-27 10:39:57] [1] 0
INFO [2024-08-27 10:39:57] 
INFO [2024-08-27 10:39:57] $main
INFO [2024-08-27 10:39:57] [1] "Venn Diagram of Upregulated and Downregulated Genes"
INFO [2024-08-27 10:39:57] 
