INFO [2024-08-27 10:39:41] $x
INFO [2024-08-27 10:39:41] venn_list
INFO [2024-08-27 10:39:41] 
INFO [2024-08-27 10:39:41] $filename
INFO [2024-08-27 10:39:41] NULL
INFO [2024-08-27 10:39:41] 
INFO [2024-08-27 10:39:41] $fill
INFO [2024-08-27 10:39:41] c("red", "green")
INFO [2024-08-27 10:39:41] 
INFO [2024-08-27 10:39:41] $alpha
INFO [2024-08-27 10:39:41] [1] 0.5
INFO [2024-08-27 10:39:41] 
INFO [2024-08-27 10:39:41] $cex
INFO [2024-08-27 10:39:41] [1] 2
INFO [2024-08-27 10:39:41] 
INFO [2024-08-27 10:39:41] $cat.cex
INFO [2024-08-27 10:39:41] [1] 2
INFO [2024-08-27 10:39:41] 
INFO [2024-08-27 10:39:41] $cat.pos
INFO [2024-08-27 10:39:41] [1] 0
INFO [2024-08-27 10:39:41] 
INFO [2024-08-27 10:39:41] $main
INFO [2024-08-27 10:39:41] [1] "Venn Diagram of Upregulated and Downregulated Genes"
INFO [2024-08-27 10:39:41] 
